[0.094s] Invoking command in '/home/rs/go1_robot/build/unitree_nav_interfaces': /usr/bin/cmake --build /home/rs/go1_robot/build/unitree_nav_interfaces -- -j13 -l13
[0.193s] [0mCMake Error: The current CMakeCache.txt directory /home/rs/go1_robot/build/unitree_nav_interfaces/CMakeCache.txt is different than the directory /home/rs/final_auto/build/unitree_nav_interfaces where CMakeCache.txt was created. This may result in binaries being created in the wrong place. If you are not sure, reedit the CMakeCache.txt[0m
[0.415s] -- Found ament_cmake: 1.3.9 (/opt/ros/humble/share/ament_cmake/cmake)
[0.744s] Traceback (most recent call last):
[0.744s]   File "/opt/ros/humble/share/ament_cmake_core/cmake/package_templates/templates_2_cmake.py", line 21, in <module>
[0.744s]     from ament_package.templates import get_environment_hook_template_path
[0.744s] ModuleNotFoundError: No module named 'ament_package'
[0.774s] [31mCMake Error at /opt/ros/humble/share/ament_cmake_core/cmake/ament_cmake_package_templates-extras.cmake:41 (message):
[0.774s]   execute_process(/usr/bin/python3
[0.774s]   /opt/ros/humble/share/ament_cmake_core/cmake/package_templates/templates_2_cmake.py
[0.775s]   /home/rs/final_auto/build/unitree_nav_interfaces/ament_cmake_package_templates/templates.cmake)
[0.775s]   returned error code 1
[0.775s] Call Stack (most recent call first):
[0.775s]   /opt/ros/humble/share/ament_cmake_core/cmake/ament_cmake_coreConfig.cmake:41 (include)
[0.776s]   /opt/ros/humble/share/ament_cmake/cmake/ament_cmake_export_dependencies-extras.cmake:15 (find_package)
[0.776s]   /opt/ros/humble/share/ament_cmake/cmake/ament_cmakeConfig.cmake:41 (include)
[0.776s]   CMakeLists.txt:9 (find_package)
[0.776s] 
[0.776s] [0m
[0.776s] -- Configuring incomplete, errors occurred!
[0.777s] See also "/home/rs/final_auto/build/unitree_nav_interfaces/CMakeFiles/CMakeOutput.log".
[0.778s] gmake: *** [Makefile:1179: cmake_check_build_system] Error 1
[0.852s] Invoked command in '/home/rs/go1_robot/build/unitree_nav_interfaces' returned '2': /usr/bin/cmake --build /home/rs/go1_robot/build/unitree_nav_interfaces -- -j13 -l13
