[0.096s] Invoking command in '/home/rs/go1_robot/build/ros2_unitree_legged_msgs': /usr/bin/cmake --build /home/rs/go1_robot/build/ros2_unitree_legged_msgs -- -j13 -l13
[0.226s] [0mCMake Error: The current CMakeCache.txt directory /home/rs/go1_robot/build/ros2_unitree_legged_msgs/CMakeCache.txt is different than the directory /home/rs/final_auto/build/ros2_unitree_legged_msgs where CMakeCache.txt was created. This may result in binaries being created in the wrong place. If you are not sure, reedit the CMakeCache.txt[0m
[0.442s] -- Found ament_cmake: 1.3.9 (/opt/ros/humble/share/ament_cmake/cmake)
[0.781s] Traceback (most recent call last):
[0.781s]   File "/opt/ros/humble/share/ament_cmake_core/cmake/package_templates/templates_2_cmake.py", line 21, in <module>
[0.781s]     from ament_package.templates import get_environment_hook_template_path
[0.782s] ModuleNotFoundError: No module named 'ament_package'
[0.810s] [31mCMake Error at /opt/ros/humble/share/ament_cmake_core/cmake/ament_cmake_package_templates-extras.cmake:41 (message):
[0.811s]   execute_process(/usr/bin/python3
[0.811s]   /opt/ros/humble/share/ament_cmake_core/cmake/package_templates/templates_2_cmake.py
[0.811s]   /home/rs/final_auto/build/ros2_unitree_legged_msgs/ament_cmake_package_templates/templates.cmake)
[0.812s]   returned error code 1
[0.812s] Call Stack (most recent call first):
[0.812s]   /opt/ros/humble/share/ament_cmake_core/cmake/ament_cmake_coreConfig.cmake:41 (include)
[0.812s]   /opt/ros/humble/share/ament_cmake/cmake/ament_cmake_export_dependencies-extras.cmake:15 (find_package)
[0.823s]   /opt/ros/humble/share/ament_cmake/cmake/ament_cmakeConfig.cmake:41 (include)
[0.824s]   CMakeLists.txt:16 (find_package)
[0.824s] 
[0.825s] [0m
[0.825s] -- Configuring incomplete, errors occurred!
[0.829s] See also "/home/rs/final_auto/build/ros2_unitree_legged_msgs/CMakeFiles/CMakeOutput.log".
[0.846s] gmake: *** [Makefile:2907: cmake_check_build_system] Error 1
[0.918s] Invoked command in '/home/rs/go1_robot/build/ros2_unitree_legged_msgs' returned '2': /usr/bin/cmake --build /home/rs/go1_robot/build/ros2_unitree_legged_msgs -- -j13 -l13
