[0.141s] Invoking command in '/home/rs/go1_robot/build/go1_description': /usr/bin/cmake --build /home/rs/go1_robot/build/go1_description -- -j13 -l13
[0.577s] -- Found ament_cmake: 1.3.9 (/opt/ros/humble/share/ament_cmake/cmake)
[1.379s] Traceback (most recent call last):
[1.379s]   File "/opt/ros/humble/share/ament_cmake_core/cmake/package_templates/templates_2_cmake.py", line 21, in <module>
[1.381s]     from ament_package.templates import get_environment_hook_template_path
[1.381s] ModuleNotFoundError: No module named 'ament_package'
[1.424s] [31mCMake Error at /opt/ros/humble/share/ament_cmake_core/cmake/ament_cmake_package_templates-extras.cmake:41 (message):
[1.424s]   execute_process(/usr/bin/python3
[1.425s]   /opt/ros/humble/share/ament_cmake_core/cmake/package_templates/templates_2_cmake.py
[1.425s]   /home/rs/go1_robot/build/go1_description/ament_cmake_package_templates/templates.cmake)
[1.426s]   returned error code 1
[1.427s] Call Stack (most recent call first):
[1.427s]   /opt/ros/humble/share/ament_cmake_core/cmake/ament_cmake_coreConfig.cmake:41 (include)
[1.428s]   /opt/ros/humble/share/ament_cmake/cmake/ament_cmake_export_dependencies-extras.cmake:15 (find_package)
[1.428s]   /opt/ros/humble/share/ament_cmake/cmake/ament_cmakeConfig.cmake:41 (include)
[1.429s]   CMakeLists.txt:9 (find_package)
[1.429s] 
[1.429s] [0m
[1.429s] -- Configuring incomplete, errors occurred!
[1.429s] See also "/home/rs/go1_robot/build/go1_description/CMakeFiles/CMakeOutput.log".
[1.432s] gmake: *** [Makefile:226: cmake_check_build_system] Error 1
[1.446s] Invoked command in '/home/rs/go1_robot/build/go1_description' returned '2': /usr/bin/cmake --build /home/rs/go1_robot/build/go1_description -- -j13 -l13
