[0.110s] Invoking command in '/home/rs/go1_robot/build/unitree_inspection_interfaces': /usr/bin/cmake --build /home/rs/go1_robot/build/unitree_inspection_interfaces -- -j13 -l13
[0.178s] [0mCMake Error: The current CMakeCache.txt directory /home/rs/go1_robot/build/unitree_inspection_interfaces/CMakeCache.txt is different than the directory /home/rs/final_auto/build/unitree_inspection_interfaces where CMakeCache.txt was created. This may result in binaries being created in the wrong place. If you are not sure, reedit the CMakeCache.txt[0m
[0.395s] -- Found ament_cmake: 1.3.9 (/opt/ros/humble/share/ament_cmake/cmake)
[0.738s] Traceback (most recent call last):
[0.738s]   File "/opt/ros/humble/share/ament_cmake_core/cmake/package_templates/templates_2_cmake.py", line 21, in <module>
[0.738s]     from ament_package.templates import get_environment_hook_template_path
[0.738s] ModuleNotFoundError: No module named 'ament_package'
[0.783s] [31mCMake Error at /opt/ros/humble/share/ament_cmake_core/cmake/ament_cmake_package_templates-extras.cmake:41 (message):
[0.784s]   execute_process(/usr/bin/python3
[0.789s]   /opt/ros/humble/share/ament_cmake_core/cmake/package_templates/templates_2_cmake.py
[0.790s]   /home/rs/final_auto/build/unitree_inspection_interfaces/ament_cmake_package_templates/templates.cmake)
[0.790s]   returned error code 1
[0.790s] Call Stack (most recent call first):
[0.793s]   /opt/ros/humble/share/ament_cmake_core/cmake/ament_cmake_coreConfig.cmake:41 (include)
[0.793s]   /opt/ros/humble/share/ament_cmake/cmake/ament_cmake_export_dependencies-extras.cmake:15 (find_package)
[0.793s]   /opt/ros/humble/share/ament_cmake/cmake/ament_cmakeConfig.cmake:41 (include)
[0.794s]   CMakeLists.txt:9 (find_package)
[0.794s] 
[0.797s] [0m
[0.798s] gmake: *** [Makefile:747: cmake_check_build_system] Error 1
[0.806s] -- Configuring incomplete, errors occurred!
[0.806s] See also "/home/rs/final_auto/build/unitree_inspection_interfaces/CMakeFiles/CMakeOutput.log".
[0.866s] Invoked command in '/home/rs/go1_robot/build/unitree_inspection_interfaces' returned '2': /usr/bin/cmake --build /home/rs/go1_robot/build/unitree_inspection_interfaces -- -j13 -l13
