[0.094s] Invoking command in '/home/rs/go1_robot/build/go1_description': /usr/bin/cmake --build /home/rs/go1_robot/build/go1_description -- -j13 -l13
[0.166s] -- Found ament_cmake: 1.3.9 (/opt/ros/humble/share/ament_cmake/cmake)
[0.780s] -- Found xacro: 2.0.8 (/opt/ros/humble/share/xacro/cmake)
[0.782s] -- Found gazebo_ros: 3.7.0 (/opt/ros/humble/share/gazebo_ros/cmake)
[0.920s] -- Found rosidl_generator_c: 3.1.5 (/opt/ros/humble/share/rosidl_generator_c/cmake)
[0.935s] -- Found rosidl_adapter: 3.1.5 (/opt/ros/humble/share/rosidl_adapter/cmake)
[0.953s] -- Found rosidl_generator_cpp: 3.1.5 (/opt/ros/humble/share/rosidl_generator_cpp/cmake)
[1.012s] -- Using all available rosidl_typesupport_c: rosidl_typesupport_fastrtps_c;rosidl_typesupport_introspection_c
[1.061s] -- Using all available rosidl_typesupport_cpp: rosidl_typesupport_fastrtps_cpp;rosidl_typesupport_introspection_cpp
[1.176s] -- Found rmw_implementation_cmake: 6.1.2 (/opt/ros/humble/share/rmw_implementation_cmake/cmake)
[1.180s] -- Found rmw_fastrtps_cpp: 6.2.6 (/opt/ros/humble/share/rmw_fastrtps_cpp/cmake)
[1.487s] -- Using RMW implementation 'rmw_fastrtps_cpp' as default
[2.471s] -- Found DART: /usr/include (Required is at least version "6.6") found components: dart 
[2.591s] -- Found Protobuf: /usr/lib/x86_64-linux-gnu/libprotobuf.so (found version "3.12.4") 
[2.599s] -- Looking for ignition-math6 -- found version 6.15.1
[2.617s] -- Searching for dependencies of ignition-math6
[2.622s] -- Looking for OGRE...
[2.650s] -- Found Ogre Ghadamon (1.9.0)
[2.651s] -- Found OGRE: optimized;/usr/lib/x86_64-linux-gnu/libOgreMain.so;debug;/usr/lib/x86_64-linux-gnu/libOgreMain.so
[2.687s] -- Looking for OGRE_Paging...
[2.689s] -- Found OGRE_Paging: optimized;/usr/lib/x86_64-linux-gnu/libOgrePaging.so;debug;/usr/lib/x86_64-linux-gnu/libOgrePaging.so
[2.689s] -- Looking for OGRE_Terrain...
[2.692s] -- Found OGRE_Terrain: optimized;/usr/lib/x86_64-linux-gnu/libOgreTerrain.so;debug;/usr/lib/x86_64-linux-gnu/libOgreTerrain.so
[2.692s] -- Looking for OGRE_Property...
[2.693s] -- Found OGRE_Property: optimized;/usr/lib/x86_64-linux-gnu/libOgreProperty.so;debug;/usr/lib/x86_64-linux-gnu/libOgreProperty.so
[2.693s] -- Looking for OGRE_RTShaderSystem...
[2.693s] -- Found OGRE_RTShaderSystem: optimized;/usr/lib/x86_64-linux-gnu/libOgreRTShaderSystem.so;debug;/usr/lib/x86_64-linux-gnu/libOgreRTShaderSystem.so
[2.694s] -- Looking for OGRE_Volume...
[2.695s] -- Found OGRE_Volume: optimized;/usr/lib/x86_64-linux-gnu/libOgreVolume.so;debug;/usr/lib/x86_64-linux-gnu/libOgreVolume.so
[2.697s] -- Looking for OGRE_Overlay...
[2.697s] -- Found OGRE_Overlay: optimized;/usr/lib/x86_64-linux-gnu/libOgreOverlay.so;debug;/usr/lib/x86_64-linux-gnu/libOgreOverlay.so
[3.320s] -- Looking for ignition-math6 -- found version 6.15.1
[3.320s] -- Looking for ignition-transport8 -- found version 8.2.1
[3.320s] -- Searching for dependencies of ignition-transport8
[3.321s] -- Found Protobuf: /usr/lib/x86_64-linux-gnu/libprotobuf.so (found suitable version "3.12.4", minimum required is "3") 
[3.322s] -- Config-file not installed for ZeroMQ -- checking for pkg-config
[3.325s] -- Checking for module 'libzmq >= 4'
[3.365s] --   Found libzmq , version 4.3.4
[3.514s] -- Checking for module 'uuid'
[3.566s] --   Found uuid, version 2.37.2
[3.725s] -- Looking for ignition-msgs5 -- found version 5.8.1
[3.725s] -- Searching for dependencies of ignition-msgs5
[3.793s] -- Looking for ignition-math6 -- found version 6.15.1
[3.809s] -- Checking for module 'tinyxml2'
[3.863s] --   Found tinyxml2, version 9.0.0
[4.002s] -- Looking for ignition-msgs5 -- found version 5.8.1
[4.004s] -- Looking for ignition-common3 -- found version 3.14.0
[4.007s] -- Searching for dependencies of ignition-common3
[4.007s] -- Looking for dlfcn.h - found
[4.008s] -- Looking for libdl - found
[4.049s] -- Searching for <ignition-common3> component [graphics]
[4.052s] -- Looking for ignition-common3-graphics -- found version 3.14.0
[4.052s] -- Searching for dependencies of ignition-common3-graphics
[4.053s] -- Looking for ignition-math6 -- found version 6.15.1
[4.053s] -- Looking for ignition-fuel_tools4 -- found version 4.4.0
[4.059s] -- Searching for dependencies of ignition-fuel_tools4
[4.162s] -- Checking for module 'jsoncpp'
[4.204s] --   Found jsoncpp, version 1.9.5
[4.329s] -- Checking for module 'libzip'
[4.369s] --   Found libzip, version 1.7.3
[4.479s] -- Looking for ignition-common3 -- found version 3.14.0
[4.482s] -- Looking for ignition-math6 -- found version 6.15.1
[4.483s] -- Looking for ignition-msgs5 -- found version 5.8.1
[4.487s] -- Gazebo version: 11.10
[4.516s] -- Found urdf: 2.6.0 (/opt/ros/humble/share/urdf/cmake)
[4.579s] -- Found rviz2: 11.2.12 (/opt/ros/humble/share/rviz2/cmake)
[4.580s] -- Found robot_state_publisher: 3.0.3 (/opt/ros/humble/share/robot_state_publisher/cmake)
[4.738s] -- Found eigen3_cmake_module: 0.1.1 (/opt/ros/humble/share/eigen3_cmake_module/cmake)
[4.744s] -- Ensuring Eigen3 include directory is part of orocos-kdl CMake target
[6.093s] -- Found ament_lint_auto: 0.12.11 (/opt/ros/humble/share/ament_lint_auto/cmake)
[6.194s] Error parsing '/home/rs/go1_robot/src/unitree_ros2/go1_description/package.xml':
[6.276s] Traceback (most recent call last):
[6.277s]   File "/opt/ros/humble/share/ament_cmake_core/cmake/core/package_xml_2_cmake.py", line 150, in <module>
[6.277s]     main()
[6.277s]   File "/opt/ros/humble/share/ament_cmake_core/cmake/core/package_xml_2_cmake.py", line 53, in main
[6.277s]     raise e
[6.277s]   File "/opt/ros/humble/share/ament_cmake_core/cmake/core/package_xml_2_cmake.py", line 49, in main
[6.277s]     package = parse_package_string(
[6.277s]   File "/usr/lib/python3/dist-packages/catkin_pkg/package.py", line 786, in parse_package_string
[6.279s]     raise InvalidPackage('Error(s):%s' % (''.join(['\n- %s' % e for e in errors])), filename)
[6.279s] catkin_pkg.package.InvalidPackage: Error(s) in package '/home/rs/go1_robot/src/unitree_ros2/go1_description/package.xml':
[6.279s] Error(s):
[6.279s] - The generic dependency on 'xacro' is redundant with: exec_depend
[6.279s] - The generic dependency on 'gazebo_ros' is redundant with: exec_depend
[6.279s] - The generic dependency on 'urdf' is redundant with: exec_depend
[6.280s] - The generic dependency on 'rviz2' is redundant with: exec_depend
[6.280s] - The generic dependency on 'joint_state_publisher' is redundant with: exec_depend
[6.280s] - The generic dependency on 'joint_state_publisher_gui' is redundant with: exec_depend
[6.280s] - The generic dependency on 'robot_state_publisher' is redundant with: exec_depend
[6.306s] [31mCMake Error at /opt/ros/humble/share/ament_cmake_core/cmake/core/ament_package_xml.cmake:95 (message):
[6.306s]   execute_process(/usr/bin/python3
[6.306s]   /opt/ros/humble/share/ament_cmake_core/cmake/core/package_xml_2_cmake.py
[6.307s]   /home/rs/go1_robot/src/unitree_ros2/go1_description/package.xml
[6.307s]   /home/rs/go1_robot/build/go1_description/ament_cmake_core/package.cmake)
[6.307s]   returned error code 1
[6.307s] Call Stack (most recent call first):
[6.307s]   /opt/ros/humble/share/ament_cmake_core/cmake/core/ament_package_xml.cmake:49 (_ament_package_xml)
[6.308s]   /opt/ros/humble/share/ament_lint_auto/cmake/ament_lint_auto_find_test_dependencies.cmake:31 (ament_package_xml)
[6.308s]   CMakeLists.txt:25 (ament_lint_auto_find_test_dependencies)
[6.308s] 
[6.308s] [0m
[6.308s] -- Configuring incomplete, errors occurred!
[6.308s] See also "/home/rs/go1_robot/build/go1_description/CMakeFiles/CMakeOutput.log".
[6.327s] gmake: *** [Makefile:226: cmake_check_build_system] Error 1
[6.330s] Invoked command in '/home/rs/go1_robot/build/go1_description' returned '2': /usr/bin/cmake --build /home/rs/go1_robot/build/go1_description -- -j13 -l13
